Using pre-set license
Built from '2021.1/staging' branch; Version is '2021.1.5f1 (3737af19df53) revision 3618735'; Using compiler version '192528614'; Build Type 'Release'
OS: 'Windows 10 Home; OS build 19043.1706; Version 2009; 64bit' Language: 'ko' Physical Memory: 8035 MB
BatchMode: 1, IsHumanControllingUs: 0, StartBugReporterOnCrash: 0, Is64bit: 1, IsPro: 0

 COMMAND LINE ARGUMENTS:
C:\Program Files\Unity\Hub\Editor\2021.1.5f1\Editor\Unity.exe
-adb2
-batchMode
-noUpm
-name
AssetImportWorker0
-projectPath
C:/Users/tnfpc/Coex project ver.2
-logFile
Logs/AssetImportWorker0.log
-srvPort
50739
Successfully changed project path to: C:/Users/tnfpc/Coex project ver.2
C:/Users/tnfpc/Coex project ver.2
Using Asset Import Pipeline V2.
Refreshing native plugins compatible for Editor in 97.43 ms, found 3 plugins.
Preloading 0 native plugins for Editor in 0.00 ms.
Initialize engine version: 2021.1.5f1 (3737af19df53)
[Subsystems] Discovering subsystems at path C:/Program Files/Unity/Hub/Editor/2021.1.5f1/Editor/Data/Resources/UnitySubsystems
[Subsystems] Discovering subsystems at path C:/Users/tnfpc/Coex project ver.2/Assets
GfxDevice: creating device client; threaded=0; jobified=0
Direct3D:
    Version:  Direct3D 11.0 [level 11.1]
    Renderer: NVIDIA GeForce GTX 1660 Ti (ID=0x2191)
    Vendor:   NVIDIA
    VRAM:     5991 MB
    Driver:   30.0.15.1123
Initialize mono
Mono path[0] = 'C:/Program Files/Unity/Hub/Editor/2021.1.5f1/Editor/Data/Managed'
Mono path[1] = 'C:/Program Files/Unity/Hub/Editor/2021.1.5f1/Editor/Data/MonoBleedingEdge/lib/mono/unityjit'
Mono config path = 'C:/Program Files/Unity/Hub/Editor/2021.1.5f1/Editor/Data/MonoBleedingEdge/etc'
Using monoOptions --debugger-agent=transport=dt_socket,embedding=1,server=y,suspend=n,address=127.0.0.1:56752
Begin MonoManager ReloadAssembly
Registering precompiled unity dll's ...
Register platform support module: C:/Program Files/Unity/Hub/Editor/2021.1.5f1/Editor/Data/PlaybackEngines/WindowsStandaloneSupport/UnityEditor.WindowsStandalone.Extensions.dll
Registered in 0.008337 seconds.
Native extension for WindowsStandalone target not found
Refreshing native plugins compatible for Editor in 211.10 ms, found 3 plugins.
Preloading 0 native plugins for Editor in 0.00 ms.
Mono: successfully reloaded assembly
- Completed reload, in  5.991 seconds
Platform modules already initialized, skipping
Registering precompiled user dll's ...
Registered in 0.022972 seconds.
Begin MonoManager ReloadAssembly
Symbol file LoadedFromMemory doesn't match image C:\Users\tnfpc\Coex project ver.2\Library\PackageCache\com.unity.visualscripting@1.7.6\Editor\VisualScripting.Core\Dependencies\YamlDotNet\Unity.VisualScripting.YamlDotNet.dll
Symbol file LoadedFromMemory doesn't match image C:\Users\tnfpc\Coex project ver.2\Library\PackageCache\com.unity.visualscripting@1.7.6\Editor\VisualScripting.Core\Dependencies\DotNetZip\Unity.VisualScripting.IonicZip.dll
Symbol file LoadedFromMemory doesn't match image C:\Users\tnfpc\Coex project ver.2\Assets\Ambiens\ArchToolkit\ATExplore\Scripts\ActionSequenceSystem\xNode\xNodeEditor.dll
Native extension for WindowsStandalone target not found
Refreshing native plugins compatible for Editor in 1.03 ms, found 3 plugins.
Preloading 0 native plugins for Editor in 0.00 ms.
Mono: successfully reloaded assembly
- Completed reload, in  1.448 seconds
Platform modules already initialized, skipping
========================================================================
Worker process is ready to serve import requests
Launched and connected shader compiler UnityShaderCompiler.exe after 0.07 seconds
Refreshing native plugins compatible for Editor in 0.88 ms, found 3 plugins.
Preloading 0 native plugins for Editor in 0.00 ms.
Unloading 3698 Unused Serialized files (Serialized files now loaded: 0)
System memory in use before: 144.1 MB.
System memory in use after: 144.3 MB.

Unloading 38 unused Assets to reduce memory usage. Loaded Objects now: 4161.
Total: 3.394600 ms (FindLiveObjects: 0.341700 ms CreateObjectMapping: 0.189700 ms MarkObjects: 2.700300 ms  DeleteObjects: 0.161300 ms)

========================================================================
Received Import Request.
  path: Assets/arrow.cs
  artifactKey: Guid(053189b6d43f71448ab83f971562eb51) Importer(815301076,1909f56bfc062723c751e8b465ee728b)
Start importing Assets/arrow.cs using Guid(053189b6d43f71448ab83f971562eb51) Importer(815301076,1909f56bfc062723c751e8b465ee728b)  -> (artifact id: 'd7dd51eec0a3322d9b9655baf02e7baa') in 0.047612 seconds 
========================================================================
Received Import Request.
  Time since last request: 74.065921 seconds.
  path: Assets/nevigation.cs
  artifactKey: Guid(e64c8aa96fa34ac4083e37689da0248e) Importer(815301076,1909f56bfc062723c751e8b465ee728b)
Start importing Assets/nevigation.cs using Guid(e64c8aa96fa34ac4083e37689da0248e) Importer(815301076,1909f56bfc062723c751e8b465ee728b)  -> (artifact id: 'a47b987cfc98e8dd8700fa8f8cb36f0e') in 0.011272 seconds 
AssetImportWorkerClient::OnTransportError - code=2 error=End of file
